#
# There is insufficient memory for the Java Runtime Environment to continue.
# Native memory allocation (mmap) failed to map 130023424 bytes for G1 virtual space
# Possible reasons:
#   The system is out of physical RAM or swap space
#   The process is running with CompressedOops enabled, and the Java Heap may be blocking the growth of the native heap
# Possible solutions:
#   Reduce memory load on the system
#   Increase physical memory or swap space
#   Check if swap backing store is full
#   Decrease Java heap size (-Xmx/-Xms)
#   Decrease number of Java threads
#   Decrease Java thread stack sizes (-Xss)
#   Set larger code cache with -XX:ReservedCodeCacheSize=
#   JVM is running with Unscaled Compressed Oops mode in which the Java heap is
#     placed in the first 4GB address space. The Java Heap base address is the
#     maximum limit for the native heap growth. Please use -XX:HeapBaseMinAddress
#     to set the Java Heap base and to place the Java Heap above 4GB virtual address.
# This output file may be truncated or incomplete.
#
#  Out of Memory Error (os_windows.cpp:3825), pid=29436, tid=15628
#
# JRE version:  (17.0.10+1) (build )
# Java VM: OpenJDK 64-Bit Server VM (17.0.10+1-b1087.17, mixed mode, sharing, tiered, compressed oops, compressed class ptrs, g1 gc, windows-amd64)
# No core dump will be written. Minidumps are not enabled by default on client versions of Windows
#

---------------  S U M M A R Y ------------

Command Line: git4idea.http.GitAskPassApp Username for 'https://github.com': 

Host: 11th Gen Intel(R) Core(TM) i5-1135G7 @ 2.40GHz, 8 cores, 7G,  Windows 11 , 64 bit Build 22621 (10.0.22621.2506)
Time: Wed Mar 13 15:18:41 2024 Romance Standard Time elapsed time: 0.029971 seconds (0d 0h 0m 0s)

---------------  T H R E A D  ---------------

Current thread (0x000002643e76ed20):  JavaThread "Unknown thread" [_thread_in_vm, id=15628, stack(0x000000bb76a00000,0x000000bb76b00000)]

Stack: [0x000000bb76a00000,0x000000bb76b00000]
Native frames: (J=compiled Java code, j=interpreted, Vv=VM code, C=native code)
V  [jvm.dll+0x688ac9]
V  [jvm.dll+0x84220a]
V  [jvm.dll+0x843e4e]
V  [jvm.dll+0x8444b3]
V  [jvm.dll+0x24ba8f]
V  [jvm.dll+0x685899]
V  [jvm.dll+0x67a14a]
V  [jvm.dll+0x30c7eb]
V  [jvm.dll+0x313c96]
V  [jvm.dll+0x363a2e]
V  [jvm.dll+0x363c5f]
V  [jvm.dll+0x2e25b8]
V  [jvm.dll+0x2e3524]
V  [jvm.dll+0x812d71]
V  [jvm.dll+0x3718e1]
V  [jvm.dll+0x7f18d6]
V  [jvm.dll+0x3f553f]
V  [jvm.dll+0x3f7171]
C  [jli.dll+0x528f]
C  [ucrtbase.dll+0x29363]
C  [KERNEL32.DLL+0x1257d]
C  [ntdll.dll+0x5aa58]


---------------  P R O C E S S  ---------------

Threads class SMR info:
_java_thread_list=0x00007ffb3f36ef58, length=0, elements={
}

Java Threads: ( => current thread )

Other Threads:
  0x000002643e7c7330 GCTaskThread "GC Thread#0" [stack: 0x000000bb76b00000,0x000000bb76c00000] [id=27916]
  0x000002643e7d78c0 ConcurrentGCThread "G1 Main Marker" [stack: 0x000000bb76c00000,0x000000bb76d00000] [id=10384]
  0x000002643e7d82e0 ConcurrentGCThread "G1 Conc#0" [stack: 0x000000bb76d00000,0x000000bb76e00000] [id=12020]

[error occurred during error reporting (printing all threads), id 0xc0000005, EXCEPTION_ACCESS_VIOLATION (0xc0000005) at pc=0x00007ffb3eb23187]

VM state: not at safepoint (not fully initialized)

VM Mutex/Monitor currently owned by a thread:  ([mutex/lock_event])
[0x000002643c6dbac0] Heap_lock - owner thread: 0x000002643e76ed20

Heap address: 0x0000000084e00000, size: 1970 MB, Compressed Oops mode: 32-bit

CDS archive(s) mapped at: [0x0000000000000000-0x0000000000000000-0x0000000000000000), size 0, SharedBaseAddress: 0x0000000800000000, ArchiveRelocationMode: 1.
Narrow klass base: 0x0000000000000000, Narrow klass shift: 0, Narrow klass range: 0x0

GC Precious Log:
<Empty>

Heap:
 garbage-first heap   total 0K, used 0K [0x0000000084e00000, 0x0000000100000000)
  region size 1024K, 0 young (0K), 0 survivors (0K)
 Metaspace       used 0K, committed 0K, reserved 0K
  class space    used 0K, committed 0K, reserved 0K

Heap Regions: E=young(eden), S=young(survivor), O=old, HS=humongous(starts), HC=humongous(continues), CS=collection set, F=free, OA=open archive, CA=closed archive, TAMS=top-at-mark-start (previous, next)

Card table byte_map: [0x00000264515f0000,0x00000264519d0000] _byte_map_base: 0x00000264511c9000

Marking Bits (Prev, Next): (CMBitMap*) 0x000002643e7c7950, (CMBitMap*) 0x000002643e7c7990
 Prev Bits: [0x0000026451db0000, 0x0000026453c78000)
 Next Bits: [0x0000026453c80000, 0x0000026455b48000)

GC Heap History (0 events):
No events

Dll operation events (1 events):
Event: 0.016 Loaded shared library C:\Users\Intec\AppData\Local\JetBrains\IntelliJ IDEA 2023.3.4\jbr\bin\java.dll

Deoptimization events (0 events):
No events

Classes unloaded (0 events):
No events

Classes redefined (0 events):
No events

Internal exceptions (0 events):
No events

VM Operations (0 events):
No events

Events (0 events):
No events


Dynamic libraries:
0x00007ff659ff0000 - 0x00007ff659ffa000 	C:\Users\Intec\AppData\Local\JetBrains\IntelliJ IDEA 2023.3.4\jbr\bin\java.exe
0x00007ffbbdf10000 - 0x00007ffbbe127000 	C:\WINDOWS\SYSTEM32\ntdll.dll
0x00007ffbbc2b0000 - 0x00007ffbbc374000 	C:\WINDOWS\System32\KERNEL32.DLL
0x00007ffbbb480000 - 0x00007ffbbb826000 	C:\WINDOWS\System32\KERNELBASE.dll
0x00007ffbbb250000 - 0x00007ffbbb361000 	C:\WINDOWS\System32\ucrtbase.dll
0x00007ffb9b910000 - 0x00007ffb9b92b000 	C:\Users\Intec\AppData\Local\JetBrains\IntelliJ IDEA 2023.3.4\jbr\bin\VCRUNTIME140.dll
0x00007ffba05f0000 - 0x00007ffba0607000 	C:\Users\Intec\AppData\Local\JetBrains\IntelliJ IDEA 2023.3.4\jbr\bin\jli.dll
0x00007ffbbc050000 - 0x00007ffbbc1fe000 	C:\WINDOWS\System32\USER32.dll
0x00007ffbbb830000 - 0x00007ffbbb856000 	C:\WINDOWS\System32\win32u.dll
0x00007ffbbc740000 - 0x00007ffbbc769000 	C:\WINDOWS\System32\GDI32.dll
0x00007ffbbb860000 - 0x00007ffbbb978000 	C:\WINDOWS\System32\gdi32full.dll
0x00007ffb9cb70000 - 0x00007ffb9ce03000 	C:\WINDOWS\WinSxS\amd64_microsoft.windows.common-controls_6595b64144ccf1df_6.0.22621.2506_none_270c5ae97388e100\COMCTL32.dll
0x00007ffbbb370000 - 0x00007ffbbb40a000 	C:\WINDOWS\System32\msvcp_win.dll
0x00007ffbbde20000 - 0x00007ffbbdec7000 	C:\WINDOWS\System32\msvcrt.dll
0x00007ffbbd2f0000 - 0x00007ffbbd321000 	C:\WINDOWS\System32\IMM32.DLL
0x00007ffb9c040000 - 0x00007ffb9c04c000 	C:\Users\Intec\AppData\Local\JetBrains\IntelliJ IDEA 2023.3.4\jbr\bin\vcruntime140_1.dll
0x00007ffb84430000 - 0x00007ffb844bd000 	C:\Users\Intec\AppData\Local\JetBrains\IntelliJ IDEA 2023.3.4\jbr\bin\msvcp140.dll
0x00007ffb3e830000 - 0x00007ffb3f4b3000 	C:\Users\Intec\AppData\Local\JetBrains\IntelliJ IDEA 2023.3.4\jbr\bin\server\jvm.dll
0x00007ffbbbcb0000 - 0x00007ffbbbd63000 	C:\WINDOWS\System32\ADVAPI32.dll
0x00007ffbbc200000 - 0x00007ffbbc2a8000 	C:\WINDOWS\System32\sechost.dll
0x00007ffbbbc30000 - 0x00007ffbbbc58000 	C:\WINDOWS\System32\bcrypt.dll
0x00007ffbbbf30000 - 0x00007ffbbc047000 	C:\WINDOWS\System32\RPCRT4.dll
0x00007ffbba0d0000 - 0x00007ffbba11d000 	C:\WINDOWS\SYSTEM32\POWRPROF.dll
0x00007ffbb29e0000 - 0x00007ffbb2a14000 	C:\WINDOWS\SYSTEM32\WINMM.dll
0x00007ffbb7710000 - 0x00007ffbb7719000 	C:\WINDOWS\SYSTEM32\WSOCK32.dll
0x00007ffbb9d00000 - 0x00007ffbb9d0a000 	C:\WINDOWS\SYSTEM32\VERSION.dll
0x00007ffbbbd70000 - 0x00007ffbbbde1000 	C:\WINDOWS\System32\WS2_32.dll
0x00007ffbba0b0000 - 0x00007ffbba0c3000 	C:\WINDOWS\SYSTEM32\UMPDC.dll
0x00007ffbba370000 - 0x00007ffbba388000 	C:\WINDOWS\SYSTEM32\kernel.appcore.dll
0x00007ffbb3520000 - 0x00007ffbb352a000 	C:\Users\Intec\AppData\Local\JetBrains\IntelliJ IDEA 2023.3.4\jbr\bin\jimage.dll
0x00007ffbb8b30000 - 0x00007ffbb8d63000 	C:\WINDOWS\SYSTEM32\DBGHELP.DLL
0x00007ffbbc8d0000 - 0x00007ffbbcc59000 	C:\WINDOWS\System32\combase.dll
0x00007ffbbbe50000 - 0x00007ffbbbf27000 	C:\WINDOWS\System32\OLEAUT32.dll
0x00007ffb9dd70000 - 0x00007ffb9dda2000 	C:\WINDOWS\SYSTEM32\dbgcore.DLL
0x00007ffbbbbb0000 - 0x00007ffbbbc2a000 	C:\WINDOWS\System32\bcryptPrimitives.dll
0x00007ffb9bac0000 - 0x00007ffb9bae5000 	C:\Users\Intec\AppData\Local\JetBrains\IntelliJ IDEA 2023.3.4\jbr\bin\java.dll

dbghelp: loaded successfully - version: 4.0.5 - missing functions: none
symbol engine: initialized successfully - sym options: 0x614 - pdb path: .;C:\Users\Intec\AppData\Local\JetBrains\IntelliJ IDEA 2023.3.4\jbr\bin;C:\WINDOWS\SYSTEM32;C:\WINDOWS\WinSxS\amd64_microsoft.windows.common-controls_6595b64144ccf1df_6.0.22621.2506_none_270c5ae97388e100;C:\Users\Intec\AppData\Local\JetBrains\IntelliJ IDEA 2023.3.4\jbr\bin\server

VM Arguments:
java_command: git4idea.http.GitAskPassApp Username for 'https://github.com': 
java_class_path (initial): C:/Users/Intec/AppData/Local/JetBrains/IntelliJ IDEA 2023.3.4/plugins/vcs-git/lib/git4idea-rt.jar;C:/Users/Intec/AppData/Local/JetBrains/IntelliJ IDEA 2023.3.4/lib/externalProcess-rt.jar
Launcher Type: SUN_STANDARD

[Global flags]
     intx CICompilerCount                          = 4                                         {product} {ergonomic}
     uint ConcGCThreads                            = 2                                         {product} {ergonomic}
     uint G1ConcRefinementThreads                  = 8                                         {product} {ergonomic}
   size_t G1HeapRegionSize                         = 1048576                                   {product} {ergonomic}
    uintx GCDrainStackTargetSize                   = 64                                        {product} {ergonomic}
   size_t InitialHeapSize                          = 130023424                                 {product} {ergonomic}
   size_t MarkStackSize                            = 4194304                                   {product} {ergonomic}
   size_t MaxHeapSize                              = 2065694720                                {product} {ergonomic}
   size_t MinHeapDeltaBytes                        = 1048576                                   {product} {ergonomic}
   size_t MinHeapSize                              = 8388608                                   {product} {ergonomic}
    uintx NonNMethodCodeHeapSize                   = 5839372                                {pd product} {ergonomic}
    uintx NonProfiledCodeHeapSize                  = 122909434                              {pd product} {ergonomic}
    uintx ProfiledCodeHeapSize                     = 122909434                              {pd product} {ergonomic}
    uintx ReservedCodeCacheSize                    = 251658240                              {pd product} {ergonomic}
     bool SegmentedCodeCache                       = true                                      {product} {ergonomic}
   size_t SoftMaxHeapSize                          = 2065694720                             {manageable} {ergonomic}
     bool UseCompressedClassPointers               = true                           {product lp64_product} {ergonomic}
     bool UseCompressedOops                        = true                           {product lp64_product} {ergonomic}
     bool UseG1GC                                  = true                                      {product} {ergonomic}
     bool UseLargePagesIndividualAllocation        = false                                  {pd product} {ergonomic}

Logging:
Log output configuration:
 #0: stdout all=warning uptime,level,tags
 #1: stderr all=off uptime,level,tags

Environment Variables:
JAVA_HOME=C:\Program Files\Java\jdk-11.0.15
PATH=C:\Program Files\Git\mingw64\libexec\git-core;C:\Program Files\Git\mingw64\libexec\git-core;C:\Program Files\Git\mingw64\bin;C:\Program Files\Git\usr\bin;C:\Users\Intec\bin;C:\Python311\Scripts;C:\Python311;C:\Program Files\Common Files\Oracle\Java\javapath;C:\WINDOWS\system32;C:\WINDOWS;C:\WINDOWS\System32\Wbem;C:\WINDOWS\System32\WindowsPowerShell\v1.0;C:\WINDOWS\System32\OpenSSH;C:\Program Files\Java\jdk-11.0.15\bin;C:\Program Files\Git\cmd;C:\ProgramData\chocolatey\bin;C:\ProgramData\chocolatey\lib\maven\apache-maven-3.9.0\bin;C:\Users\Intec\AppData\Roaming\nvm;C:\Program Files\nodejs;C:\ProgramData\Microsoft\Windows\Start Menu\Programs\MySQL\MySQL Server 8.0;C:\Program Files\MySQL\MySQL Shell 8.0\bin;C:\Users\Intec\AppData\Local\Microsoft\WindowsApps;C:\Program Files\MySQL\MySQL Server 8.0\bin;C:\Program Files\JetBrains\IntelliJ IDEA Community Edition 2022.2.2\bin;C:\Users\Intec\AppData\Local\Programs\Microsoft VS Code\bin;C:\Users\Intec\AppData\Roaming\npm;C:\Users\Intec\AppData\Roaming\nvm;C:\Program Files\nodejs;C:\Users\Intec\AppData\Local\gitkraken\bin;C:\ProgramData\Microsoft\Windows\Start Menu\Programs\MySQL\MySQL Server 8.0
USERNAME=Intec
DISPLAY=:0.0
LC_ALL=en_US.UTF-8
TERM=xterm-256color
TMPDIR=C:\Users\Intec\AppData\Local\Temp
OS=Windows_NT
PROCESSOR_IDENTIFIER=Intel64 Family 6 Model 140 Stepping 1, GenuineIntel
TMP=C:\Users\Intec\AppData\Local\Temp
TEMP=C:\Users\Intec\AppData\Local\Temp



Periodic native trim disabled

JNI global refs:
JNI global refs: 0, weak refs: 0

JNI global refs memory usage: 0, weak refs: 0

OOME stack traces (most recent first):
Classloader memory used:


---------------  S Y S T E M  ---------------

OS:
 Windows 11 , 64 bit Build 22621 (10.0.22621.2506)
OS uptime: 36 days 12:17 hours

CPU: total 8 (initial active 8) (4 cores per cpu, 2 threads per core) family 6 model 140 stepping 1 microcode 0xae, cx8, cmov, fxsr, ht, mmx, 3dnowpref, sse, sse2, sse3, ssse3, sse4.1, sse4.2, popcnt, lzcnt, tsc, tscinvbit, avx, avx2, aes, erms, clmul, bmi1, bmi2, adx, avx512f, avx512dq, avx512cd, avx512bw, avx512vl, sha, fma, vzeroupper, avx512_vpopcntdq, avx512_vpclmulqdq, avx512_vaes, avx512_vnni, clflush, clflushopt, clwb, avx512_vbmi2, avx512_vbmi
Processor Information for all 8 processors :
  Max Mhz: 2419, Current Mhz: 2419, Mhz Limit: 2419

Memory: 4k page, system-wide physical 7872M (724M free)
TotalPageFile size 32448M (AvailPageFile size 103M)
current process WorkingSet (physical memory assigned to process): 11M, peak: 11M
current process commit charge ("private bytes"): 60M, peak: 184M

vm_info: OpenJDK 64-Bit Server VM (17.0.10+1-b1087.17) for windows-amd64 JRE (17.0.10+1-b1087.17), built on 2024-01-19 by "builduser" with MS VC++ 16.10 / 16.11 (VS2019)

END.
